Compiling the C compiler identification source file "CMakeCCompilerId.c" failed.
Compiler: C:/Program\ Files\ (x86)/GNU\ Tools\ ARM\ Embedded/11.3\ rel1/bin/arm-none-eabi-gcc.exe 
Build flags: --param;max-inline-insns-single=500;-mlong-calls;-ffunction-sections;-fdata-sections;-fno-exceptions;-fsingle-precision-constant;-Wall;-Wextra;-Wundef;-Wdouble-promotion;-Wno-expansion-to-defined;-std=gnu99
Id flags:  

The output was:
The system cannot find the file specified


Compiling the C compiler identification source file "CMakeCCompilerId.c" failed.
Compiler: C:/Program\ Files\ (x86)/GNU\ Tools\ ARM\ Embedded/11.3\ rel1/bin/arm-none-eabi-gcc.exe 
Build flags: --param;max-inline-insns-single=500;-mlong-calls;-ffunction-sections;-fdata-sections;-fno-exceptions;-fsingle-precision-constant;-Wall;-Wextra;-Wundef;-Wdouble-promotion;-Wno-expansion-to-defined;-std=gnu99
Id flags: -c 

The output was:
The system cannot find the file specified


Compiling the C compiler identification source file "CMakeCCompilerId.c" failed.
Compiler: C:/Program\ Files\ (x86)/GNU\ Tools\ ARM\ Embedded/11.3\ rel1/bin/arm-none-eabi-gcc.exe 
Build flags: --param;max-inline-insns-single=500;-mlong-calls;-ffunction-sections;-fdata-sections;-fno-exceptions;-fsingle-precision-constant;-Wall;-Wextra;-Wundef;-Wdouble-promotion;-Wno-expansion-to-defined;-std=gnu99
Id flags: -Aa 

The output was:
The system cannot find the file specified


Compiling the C compiler identification source file "CMakeCCompilerId.c" failed.
Compiler: C:/Program\ Files\ (x86)/GNU\ Tools\ ARM\ Embedded/11.3\ rel1/bin/arm-none-eabi-gcc.exe 
Build flags: --param;max-inline-insns-single=500;-mlong-calls;-ffunction-sections;-fdata-sections;-fno-exceptions;-fsingle-precision-constant;-Wall;-Wextra;-Wundef;-Wdouble-promotion;-Wno-expansion-to-defined;-std=gnu99
Id flags: -D__CLASSIC_C__ 

The output was:
The system cannot find the file specified


Compiling the C compiler identification source file "CMakeCCompilerId.c" failed.
Compiler: C:/Program\ Files\ (x86)/GNU\ Tools\ ARM\ Embedded/11.3\ rel1/bin/arm-none-eabi-gcc.exe 
Build flags: --param;max-inline-insns-single=500;-mlong-calls;-ffunction-sections;-fdata-sections;-fno-exceptions;-fsingle-precision-constant;-Wall;-Wextra;-Wundef;-Wdouble-promotion;-Wno-expansion-to-defined;-std=gnu99
Id flags: --target=arm-arm-none-eabi;-mcpu=cortex-m3 

The output was:
The system cannot find the file specified


Compiling the C compiler identification source file "CMakeCCompilerId.c" failed.
Compiler: C:/Program\ Files\ (x86)/GNU\ Tools\ ARM\ Embedded/11.3\ rel1/bin/arm-none-eabi-gcc.exe 
Build flags: --param;max-inline-insns-single=500;-mlong-calls;-ffunction-sections;-fdata-sections;-fno-exceptions;-fsingle-precision-constant;-Wall;-Wextra;-Wundef;-Wdouble-promotion;-Wno-expansion-to-defined;-std=gnu99
Id flags: -c;-I__does_not_exist__ 

The output was:
The system cannot find the file specified


Compiling the C compiler identification source file "CMakeCCompilerId.c" failed.
Compiler: C:/Program\ Files\ (x86)/GNU\ Tools\ ARM\ Embedded/11.3\ rel1/bin/arm-none-eabi-gcc.exe 
Build flags: 
Id flags:  

The output was:
The system cannot find the file specified


Compiling the C compiler identification source file "CMakeCCompilerId.c" failed.
Compiler: C:/Program\ Files\ (x86)/GNU\ Tools\ ARM\ Embedded/11.3\ rel1/bin/arm-none-eabi-gcc.exe 
Build flags: 
Id flags: -c 

The output was:
The system cannot find the file specified


Compiling the C compiler identification source file "CMakeCCompilerId.c" failed.
Compiler: C:/Program\ Files\ (x86)/GNU\ Tools\ ARM\ Embedded/11.3\ rel1/bin/arm-none-eabi-gcc.exe 
Build flags: 
Id flags: -Aa 

The output was:
The system cannot find the file specified


Compiling the C compiler identification source file "CMakeCCompilerId.c" failed.
Compiler: C:/Program\ Files\ (x86)/GNU\ Tools\ ARM\ Embedded/11.3\ rel1/bin/arm-none-eabi-gcc.exe 
Build flags: 
Id flags: -D__CLASSIC_C__ 

The output was:
The system cannot find the file specified


Compiling the C compiler identification source file "CMakeCCompilerId.c" failed.
Compiler: C:/Program\ Files\ (x86)/GNU\ Tools\ ARM\ Embedded/11.3\ rel1/bin/arm-none-eabi-gcc.exe 
Build flags: 
Id flags: --target=arm-arm-none-eabi;-mcpu=cortex-m3 

The output was:
The system cannot find the file specified


Compiling the C compiler identification source file "CMakeCCompilerId.c" failed.
Compiler: C:/Program\ Files\ (x86)/GNU\ Tools\ ARM\ Embedded/11.3\ rel1/bin/arm-none-eabi-gcc.exe 
Build flags: 
Id flags: -c;-I__does_not_exist__ 

The output was:
The system cannot find the file specified


Checking whether the C compiler is IAR using "" did not match "IAR .+ Compiler":
Checking whether the C compiler is IAR using "" did not match "IAR .+ Compiler":
Compiling the CXX compiler identification source file "CMakeCXXCompilerId.cpp" failed.
Compiler: C:/Program\ Files\ (x86)/GNU\ Tools\ ARM\ Embedded/11.3\ rel1/bin/arm-none-eabi-g++.exe 
Build flags: --param;max-inline-insns-single=500;-mlong-calls;-ffunction-sections;-fdata-sections;-fno-exceptions;-fsingle-precision-constant;-Wall;-Wextra;-Wundef;-Wdouble-promotion;-Wno-expansion-to-defined;-std=gnu++17;-fno-threadsafe-statics;-fno-rtti
Id flags:  

The output was:
The system cannot find the file specified


Compiling the CXX compiler identification source file "CMakeCXXCompilerId.cpp" failed.
Compiler: C:/Program\ Files\ (x86)/GNU\ Tools\ ARM\ Embedded/11.3\ rel1/bin/arm-none-eabi-g++.exe 
Build flags: --param;max-inline-insns-single=500;-mlong-calls;-ffunction-sections;-fdata-sections;-fno-exceptions;-fsingle-precision-constant;-Wall;-Wextra;-Wundef;-Wdouble-promotion;-Wno-expansion-to-defined;-std=gnu++17;-fno-threadsafe-statics;-fno-rtti
Id flags: -c 

The output was:
The system cannot find the file specified


Compiling the CXX compiler identification source file "CMakeCXXCompilerId.cpp" failed.
Compiler: C:/Program\ Files\ (x86)/GNU\ Tools\ ARM\ Embedded/11.3\ rel1/bin/arm-none-eabi-g++.exe 
Build flags: --param;max-inline-insns-single=500;-mlong-calls;-ffunction-sections;-fdata-sections;-fno-exceptions;-fsingle-precision-constant;-Wall;-Wextra;-Wundef;-Wdouble-promotion;-Wno-expansion-to-defined;-std=gnu++17;-fno-threadsafe-statics;-fno-rtti
Id flags: --c++ 

The output was:
The system cannot find the file specified


Compiling the CXX compiler identification source file "CMakeCXXCompilerId.cpp" failed.
Compiler: C:/Program\ Files\ (x86)/GNU\ Tools\ ARM\ Embedded/11.3\ rel1/bin/arm-none-eabi-g++.exe 
Build flags: --param;max-inline-insns-single=500;-mlong-calls;-ffunction-sections;-fdata-sections;-fno-exceptions;-fsingle-precision-constant;-Wall;-Wextra;-Wundef;-Wdouble-promotion;-Wno-expansion-to-defined;-std=gnu++17;-fno-threadsafe-statics;-fno-rtti
Id flags: --ec++ 

The output was:
The system cannot find the file specified


Compiling the CXX compiler identification source file "CMakeCXXCompilerId.cpp" failed.
Compiler: C:/Program\ Files\ (x86)/GNU\ Tools\ ARM\ Embedded/11.3\ rel1/bin/arm-none-eabi-g++.exe 
Build flags: --param;max-inline-insns-single=500;-mlong-calls;-ffunction-sections;-fdata-sections;-fno-exceptions;-fsingle-precision-constant;-Wall;-Wextra;-Wundef;-Wdouble-promotion;-Wno-expansion-to-defined;-std=gnu++17;-fno-threadsafe-statics;-fno-rtti
Id flags: --target=arm-arm-none-eabi;-mcpu=cortex-m3 

The output was:
The system cannot find the file specified


Compiling the CXX compiler identification source file "CMakeCXXCompilerId.cpp" failed.
Compiler: C:/Program\ Files\ (x86)/GNU\ Tools\ ARM\ Embedded/11.3\ rel1/bin/arm-none-eabi-g++.exe 
Build flags: --param;max-inline-insns-single=500;-mlong-calls;-ffunction-sections;-fdata-sections;-fno-exceptions;-fsingle-precision-constant;-Wall;-Wextra;-Wundef;-Wdouble-promotion;-Wno-expansion-to-defined;-std=gnu++17;-fno-threadsafe-statics;-fno-rtti
Id flags: -c;-I__does_not_exist__ 

The output was:
The system cannot find the file specified


Compiling the CXX compiler identification source file "CMakeCXXCompilerId.cpp" failed.
Compiler: C:/Program\ Files\ (x86)/GNU\ Tools\ ARM\ Embedded/11.3\ rel1/bin/arm-none-eabi-g++.exe 
Build flags: 
Id flags:  

The output was:
The system cannot find the file specified


Compiling the CXX compiler identification source file "CMakeCXXCompilerId.cpp" failed.
Compiler: C:/Program\ Files\ (x86)/GNU\ Tools\ ARM\ Embedded/11.3\ rel1/bin/arm-none-eabi-g++.exe 
Build flags: 
Id flags: -c 

The output was:
The system cannot find the file specified


Compiling the CXX compiler identification source file "CMakeCXXCompilerId.cpp" failed.
Compiler: C:/Program\ Files\ (x86)/GNU\ Tools\ ARM\ Embedded/11.3\ rel1/bin/arm-none-eabi-g++.exe 
Build flags: 
Id flags: --c++ 

The output was:
The system cannot find the file specified


Compiling the CXX compiler identification source file "CMakeCXXCompilerId.cpp" failed.
Compiler: C:/Program\ Files\ (x86)/GNU\ Tools\ ARM\ Embedded/11.3\ rel1/bin/arm-none-eabi-g++.exe 
Build flags: 
Id flags: --ec++ 

The output was:
The system cannot find the file specified


Compiling the CXX compiler identification source file "CMakeCXXCompilerId.cpp" failed.
Compiler: C:/Program\ Files\ (x86)/GNU\ Tools\ ARM\ Embedded/11.3\ rel1/bin/arm-none-eabi-g++.exe 
Build flags: 
Id flags: --target=arm-arm-none-eabi;-mcpu=cortex-m3 

The output was:
The system cannot find the file specified


Compiling the CXX compiler identification source file "CMakeCXXCompilerId.cpp" failed.
Compiler: C:/Program\ Files\ (x86)/GNU\ Tools\ ARM\ Embedded/11.3\ rel1/bin/arm-none-eabi-g++.exe 
Build flags: 
Id flags: -c;-I__does_not_exist__ 

The output was:
The system cannot find the file specified


Checking whether the CXX compiler is IAR using "" did not match "IAR .+ Compiler":
Checking whether the CXX compiler is IAR using "" did not match "IAR .+ Compiler":
